{"environment":"development","level":"info","message":"🏴‍☠️ Viking Restaurant Intelligence Platform started","nodeVersion":"v20.9.0","pid":29836,"port":"3000","service":"restaurant-intelligence","timestamp":"2025-10-28T06:01:44.217Z"}
{"level":"info","message":"SIGINT received, shutting down gracefully","service":"restaurant-intelligence","timestamp":"2025-10-28T06:01:48.117Z"}
{"environment":"development","level":"info","message":"🏴‍☠️ Viking Restaurant Intelligence Platform started","nodeVersion":"v20.9.0","pid":10816,"port":"3000","service":"restaurant-intelligence","timestamp":"2025-10-28T06:02:30.598Z"}
{"level":"info","message":"SIGINT received, shutting down gracefully","service":"restaurant-intelligence","timestamp":"2025-10-28T06:02:55.507Z"}
{"environment":"development","level":"info","message":"🏴‍☠️ Viking Restaurant Intelligence Platform started","nodeVersion":"v20.9.0","pid":21308,"port":"3000","service":"restaurant-intelligence","timestamp":"2025-10-28T17:03:54.822Z"}
{"level":"info","message":"SIGINT received, shutting down gracefully","service":"restaurant-intelligence","timestamp":"2025-10-28T17:04:41.621Z"}
{"environment":"development","level":"info","message":"🏴‍☠️ Viking Restaurant Intelligence Platform started","nodeVersion":"v20.9.0","pid":22792,"port":"3000","service":"restaurant-intelligence","timestamp":"2025-10-28T17:58:29.857Z"}
{"ip":"::1","level":"info","message":"Incoming request: GET /health","method":"GET","service":"restaurant-intelligence","timestamp":"2025-10-28T17:58:56.964Z","url":"/health","userAgent":"node-fetch/1.0 (+https://github.com/bitinn/node-fetch)"}
{"environment":"development","level":"info","memory":{"arrayBuffers":16631,"external":2399784,"heapTotal":28798976,"heapUsed":25999872,"rss":79949824},"message":"Health check requested Restaurant Intelligence Platform is running","pid":22792,"service":"restaurant-intelligence","status":"healthy","timestamp":"2025-10-28T17:58:56.966Z","uptime":30.1882928,"version":"1.0.0"}
{"ip":"::1","level":"info","message":"Incoming request: GET /health","method":"GET","service":"restaurant-intelligence","timestamp":"2025-10-28T17:59:26.779Z","url":"/health","userAgent":"node-fetch/1.0 (+https://github.com/bitinn/node-fetch)"}
{"environment":"development","level":"info","memory":{"arrayBuffers":16631,"external":2399824,"heapTotal":28798976,"heapUsed":26296032,"rss":80543744},"message":"Health check requested Restaurant Intelligence Platform is running","pid":22792,"service":"restaurant-intelligence","status":"healthy","timestamp":"2025-10-28T17:59:26.780Z","uptime":60.001952,"version":"1.0.0"}
{"ip":"::1","level":"info","message":"Incoming request: GET /health","method":"GET","service":"restaurant-intelligence","timestamp":"2025-10-28T17:59:56.792Z","url":"/health","userAgent":"node-fetch/1.0 (+https://github.com/bitinn/node-fetch)"}
{"environment":"development","level":"info","memory":{"arrayBuffers":16631,"external":2399824,"heapTotal":28798976,"heapUsed":26443472,"rss":80678912},"message":"Health check requested Restaurant Intelligence Platform is running","pid":22792,"service":"restaurant-intelligence","status":"healthy","timestamp":"2025-10-28T17:59:56.794Z","uptime":90.0159276,"version":"1.0.0"}
{"ip":"::1","level":"info","message":"Incoming request: GET /health","method":"GET","service":"restaurant-intelligence","timestamp":"2025-10-28T18:00:26.811Z","url":"/health","userAgent":"node-fetch/1.0 (+https://github.com/bitinn/node-fetch)"}
{"environment":"development","level":"info","memory":{"arrayBuffers":16631,"external":2399824,"heapTotal":28798976,"heapUsed":26588600,"rss":81969152},"message":"Health check requested Restaurant Intelligence Platform is running","pid":22792,"service":"restaurant-intelligence","status":"healthy","timestamp":"2025-10-28T18:00:26.815Z","uptime":120.0374251,"version":"1.0.0"}
{"ip":"::1","level":"info","message":"Incoming request: GET /health","method":"GET","service":"restaurant-intelligence","timestamp":"2025-10-28T18:00:56.805Z","url":"/health","userAgent":"node-fetch/1.0 (+https://github.com/bitinn/node-fetch)"}
{"environment":"development","level":"info","memory":{"arrayBuffers":24823,"external":2408016,"heapTotal":29061120,"heapUsed":26981336,"rss":81965056},"message":"Health check requested Restaurant Intelligence Platform is running","pid":22792,"service":"restaurant-intelligence","status":"healthy","timestamp":"2025-10-28T18:00:56.812Z","uptime":150.0357385,"version":"1.0.0"}
{"ip":"::1","level":"info","message":"Incoming request: GET /health","method":"GET","service":"restaurant-intelligence","timestamp":"2025-10-28T18:01:26.822Z","url":"/health","userAgent":"node-fetch/1.0 (+https://github.com/bitinn/node-fetch)"}
{"environment":"development","level":"info","memory":{"arrayBuffers":24823,"external":2408016,"heapTotal":30109696,"heapUsed":26504280,"rss":82440192},"message":"Health check requested Restaurant Intelligence Platform is running","pid":22792,"service":"restaurant-intelligence","status":"healthy","timestamp":"2025-10-28T18:01:26.824Z","uptime":180.0475148,"version":"1.0.0"}
{"ip":"::1","level":"info","message":"Incoming request: GET /health","method":"GET","service":"restaurant-intelligence","timestamp":"2025-10-28T18:01:56.817Z","url":"/health","userAgent":"node-fetch/1.0 (+https://github.com/bitinn/node-fetch)"}
{"environment":"development","level":"info","memory":{"arrayBuffers":24823,"external":2408016,"heapTotal":30109696,"heapUsed":26646280,"rss":82661376},"message":"Health check requested Restaurant Intelligence Platform is running","pid":22792,"service":"restaurant-intelligence","status":"healthy","timestamp":"2025-10-28T18:01:56.818Z","uptime":210.0418663,"version":"1.0.0"}
{"ip":"::1","level":"info","message":"Incoming request: GET /health","method":"GET","service":"restaurant-intelligence","timestamp":"2025-10-28T18:02:26.814Z","url":"/health","userAgent":"node-fetch/1.0 (+https://github.com/bitinn/node-fetch)"}
{"environment":"development","level":"info","memory":{"arrayBuffers":68788,"external":2451981,"heapTotal":30109696,"heapUsed":27032280,"rss":83345408},"message":"Health check requested Restaurant Intelligence Platform is running","pid":22792,"service":"restaurant-intelligence","status":"healthy","timestamp":"2025-10-28T18:02:26.815Z","uptime":240.0383985,"version":"1.0.0"}
{"ip":"::1","level":"info","message":"Incoming request: GET /health","method":"GET","service":"restaurant-intelligence","timestamp":"2025-10-28T18:02:56.843Z","url":"/health","userAgent":"node-fetch/1.0 (+https://github.com/bitinn/node-fetch)"}
{"environment":"development","level":"info","memory":{"arrayBuffers":68788,"external":2451981,"heapTotal":30109696,"heapUsed":27184656,"rss":83554304},"message":"Health check requested Restaurant Intelligence Platform is running","pid":22792,"service":"restaurant-intelligence","status":"healthy","timestamp":"2025-10-28T18:02:56.846Z","uptime":270.0681148,"version":"1.0.0"}
{"ip":"::1","level":"info","message":"Incoming request: GET /health","method":"GET","service":"restaurant-intelligence","timestamp":"2025-10-28T18:03:26.842Z","url":"/health","userAgent":"node-fetch/1.0 (+https://github.com/bitinn/node-fetch)"}
{"environment":"development","level":"info","memory":{"arrayBuffers":49443,"external":2432636,"heapTotal":29323264,"heapUsed":27088280,"rss":83353600},"message":"Health check requested Restaurant Intelligence Platform is running","pid":22792,"service":"restaurant-intelligence","status":"healthy","timestamp":"2025-10-28T18:03:26.844Z","uptime":300.0667913,"version":"1.0.0"}
{"ip":"::1","level":"info","message":"Incoming request: GET /health","method":"GET","service":"restaurant-intelligence","timestamp":"2025-10-28T18:03:56.840Z","url":"/health","userAgent":"node-fetch/1.0 (+https://github.com/bitinn/node-fetch)"}
{"environment":"development","level":"info","memory":{"arrayBuffers":93372,"external":2476565,"heapTotal":29323264,"heapUsed":27349208,"rss":84541440},"message":"Health check requested Restaurant Intelligence Platform is running","pid":22792,"service":"restaurant-intelligence","status":"healthy","timestamp":"2025-10-28T18:03:56.841Z","uptime":330.0632418,"version":"1.0.0"}
{"ip":"::1","level":"info","message":"Incoming request: GET /health","method":"GET","service":"restaurant-intelligence","timestamp":"2025-10-28T18:04:26.840Z","url":"/health","userAgent":"node-fetch/1.0 (+https://github.com/bitinn/node-fetch)"}
{"environment":"development","level":"info","memory":{"arrayBuffers":93372,"external":2476565,"heapTotal":29323264,"heapUsed":27484512,"rss":84660224},"message":"Health check requested Restaurant Intelligence Platform is running","pid":22792,"service":"restaurant-intelligence","status":"healthy","timestamp":"2025-10-28T18:04:26.840Z","uptime":360.0621981,"version":"1.0.0"}
{"ip":"::1","level":"info","message":"Incoming request: GET /health","method":"GET","service":"restaurant-intelligence","timestamp":"2025-10-28T18:04:56.846Z","url":"/health","userAgent":"node-fetch/1.0 (+https://github.com/bitinn/node-fetch)"}
{"environment":"development","level":"info","memory":{"arrayBuffers":93372,"external":2476565,"heapTotal":29323264,"heapUsed":27617464,"rss":84684800},"message":"Health check requested Restaurant Intelligence Platform is running","pid":22792,"service":"restaurant-intelligence","status":"healthy","timestamp":"2025-10-28T18:04:56.847Z","uptime":390.0702065,"version":"1.0.0"}
{"level":"info","message":"SIGINT received, shutting down gracefully","service":"restaurant-intelligence","timestamp":"2025-10-28T18:04:57.696Z"}
{"environment":"development","level":"info","message":"🏴‍☠️ Viking Restaurant Intelligence Platform started","nodeVersion":"v20.9.0","pid":35780,"port":"3000","service":"restaurant-intelligence","timestamp":"2025-10-28T18:41:05.049Z"}
{"level":"info","message":"SIGINT received, shutting down gracefully","service":"restaurant-intelligence","timestamp":"2025-10-28T18:41:24.373Z"}
{"environment":"development","level":"info","message":"🏴‍☠️ Viking Restaurant Intelligence Platform started","nodeVersion":"v20.9.0","pid":21904,"port":"3000","service":"restaurant-intelligence","timestamp":"2025-10-28T18:41:57.163Z"}
{"ip":"::1","level":"info","message":"Incoming request: GET /health","method":"GET","service":"restaurant-intelligence","timestamp":"2025-10-28T18:42:26.080Z","url":"/health","userAgent":"node-fetch/1.0 (+https://github.com/bitinn/node-fetch)"}
{"environment":"development","level":"info","memory":{"arrayBuffers":16631,"external":2399784,"heapTotal":27750400,"heapUsed":26020608,"rss":79052800},"message":"Health check requested Restaurant Intelligence Platform is running","pid":21904,"service":"restaurant-intelligence","status":"healthy","timestamp":"2025-10-28T18:42:26.084Z","uptime":30.2301648,"version":"1.0.0"}
{"ip":"::1","level":"info","message":"Incoming request: GET /health","method":"GET","service":"restaurant-intelligence","timestamp":"2025-10-28T18:42:55.865Z","url":"/health","userAgent":"node-fetch/1.0 (+https://github.com/bitinn/node-fetch)"}
{"environment":"development","level":"info","memory":{"arrayBuffers":16631,"external":2399824,"heapTotal":27750400,"heapUsed":26284488,"rss":79683584},"message":"Health check requested Restaurant Intelligence Platform is running","pid":21904,"service":"restaurant-intelligence","status":"healthy","timestamp":"2025-10-28T18:42:55.867Z","uptime":60.0128199,"version":"1.0.0"}
{"level":"info","message":"SIGINT received, shutting down gracefully","service":"restaurant-intelligence","timestamp":"2025-10-28T18:43:06.648Z"}
{"environment":"development","level":"info","message":"🏴‍☠️ Viking Restaurant Intelligence Platform started","nodeVersion":"v20.9.0","pid":36544,"port":"3000","service":"restaurant-intelligence","timestamp":"2025-10-29T13:47:14.687Z"}
{"level":"info","message":"SIGINT received, shutting down gracefully","service":"restaurant-intelligence","timestamp":"2025-10-29T13:47:29.540Z"}
{"environment":"development","level":"info","message":"🏴‍☠️ Viking Restaurant Intelligence Platform started","nodeVersion":"v20.19.5","pid":3526,"port":3000,"service":"restaurant-intelligence","timestamp":"2025-10-29T21:29:09.243Z"}
{"level":"info","message":"SIGTERM received, shutting down gracefully","service":"restaurant-intelligence","timestamp":"2025-10-29T21:29:18.634Z"}
{"environment":"development","level":"info","message":"🏴‍☠️ Viking Restaurant Intelligence Platform started","nodeVersion":"v20.19.5","pid":3546,"port":3000,"service":"restaurant-intelligence","timestamp":"2025-10-29T21:29:39.437Z"}
{"ip":"::1","level":"info","message":"Incoming request: GET /health","method":"GET","service":"restaurant-intelligence","timestamp":"2025-10-29T21:29:41.860Z","url":"/health","userAgent":"curl/8.5.0"}
{"environment":"development","level":"info","memory":{"arrayBuffers":16639,"external":7325432,"heapTotal":58773504,"heapUsed":28631896,"rss":103202816},"message":"Health check requested Restaurant Intelligence Platform is running","pid":3546,"service":"restaurant-intelligence","status":"healthy","timestamp":"2025-10-29T21:29:41.861Z","uptime":3.010527891,"version":"1.0.0"}
{"ip":"::1","level":"info","message":"Incoming request: GET /","method":"GET","service":"restaurant-intelligence","timestamp":"2025-10-29T21:29:53.532Z","url":"/","userAgent":"curl/8.5.0"}
{"environment":"development","level":"info","message":"🏴‍☠️ Viking Restaurant Intelligence Platform started","nodeVersion":"v25.0.0","pid":43496,"port":"3000","service":"restaurant-intelligence","timestamp":"2025-10-29T23:42:10.563Z"}
{"level":"info","message":"SIGINT received, shutting down gracefully","service":"restaurant-intelligence","timestamp":"2025-10-29T23:42:37.371Z"}
{"environment":"development","level":"info","message":"🏴‍☠️ Viking Restaurant Intelligence Platform started","nodeVersion":"v25.0.0","pid":67452,"port":"3000","service":"restaurant-intelligence","timestamp":"2025-10-29T23:43:12.104Z"}
{"level":"info","message":"SIGINT received, shutting down gracefully","service":"restaurant-intelligence","timestamp":"2025-10-29T23:43:24.011Z"}
{"environment":"development","level":"info","message":"🏴‍☠️ Viking Restaurant Intelligence Platform started","nodeVersion":"v25.0.0","pid":67912,"port":"3000","service":"restaurant-intelligence","timestamp":"2025-10-29T23:44:36.643Z"}
{"level":"info","message":"SIGINT received, shutting down gracefully","service":"restaurant-intelligence","timestamp":"2025-10-29T23:44:59.916Z"}
{"environment":"development","level":"info","message":"🏴‍☠️ Viking Restaurant Intelligence Platform started","nodeVersion":"v25.0.0","pid":79940,"port":"3001","service":"restaurant-intelligence","timestamp":"2025-10-29T23:46:46.945Z"}
{"level":"info","message":"SIGINT received, shutting down gracefully","service":"restaurant-intelligence","timestamp":"2025-10-29T23:47:39.287Z"}
{"environment":"development","level":"info","message":"🏴‍☠️ Viking Restaurant Intelligence Platform started","nodeVersion":"v25.0.0","pid":23040,"port":"3001","service":"restaurant-intelligence","timestamp":"2025-10-29T23:48:23.176Z"}
{"ip":"::1","level":"info","message":"Incoming request: GET /health","method":"GET","service":"restaurant-intelligence","timestamp":"2025-10-29T23:48:25.371Z","url":"/health","userAgent":"Mozilla/5.0 (Windows NT 10.0; Microsoft Windows 10.0.26100; en-US) PowerShell/7.5.3"}
{"environment":"development","level":"info","memory":{"arrayBuffers":18911,"external":11920959,"heapTotal":61444096,"heapUsed":29804440,"rss":104017920},"message":"Health check requested Restaurant Intelligence Platform is running","pid":23040,"service":"restaurant-intelligence","status":"healthy","timestamp":"2025-10-29T23:48:25.373Z","uptime":2.9039811,"version":"1.0.0"}
