[2025-10-28T05:48:00.776Z] [INFO] Starting server (attempt 1/10)
[2025-10-28T05:48:00.794Z] [INFO] Server started with PID: 23968
[2025-10-28T05:48:16.717Z] [INFO] Received SIGINT (Ctrl+C), shutting down gracefully
[2025-10-28T05:48:16.721Z] [INFO] Stopping server...
[2025-10-28T05:48:16.735Z] [INFO] Server process closed with code 3221225786, signal null
[2025-10-28T05:48:26.738Z] [WARN] Force killing server process
[2025-10-28T06:01:32.872Z] [INFO] Starting server (attempt 1/10)
[2025-10-28T06:01:32.886Z] [INFO] Server started with PID: 29836
[2025-10-28T06:01:48.116Z] [INFO] Received SIGINT (Ctrl+C), shutting down gracefully
[2025-10-28T06:01:48.120Z] [INFO] Stopping server...
[2025-10-28T06:01:48.146Z] [INFO] Server process closed with code null, signal SIGTERM
[2025-10-28T06:02:29.298Z] [INFO] Starting server (attempt 1/10)
[2025-10-28T06:02:29.312Z] [INFO] Server started with PID: 10816
[2025-10-28T06:02:55.508Z] [INFO] Received SIGINT (Ctrl+C), shutting down gracefully
[2025-10-28T06:02:55.511Z] [INFO] Stopping server...
[2025-10-28T06:02:55.526Z] [INFO] Server process closed with code null, signal SIGTERM
[2025-10-28T17:03:53.235Z] [INFO] Starting server (attempt 1/10)
[2025-10-28T17:03:53.245Z] [INFO] Server started with PID: 21308
[2025-10-28T17:04:23.382Z] [ERROR] Health check failed: request to http://localhost:8080/health failed, reason: 
[2025-10-28T17:04:41.619Z] [INFO] Received SIGINT (Ctrl+C), shutting down gracefully
[2025-10-28T17:04:41.622Z] [INFO] Stopping server...
[2025-10-28T17:04:41.644Z] [INFO] Server process closed with code null, signal SIGTERM
[2025-10-28T17:58:26.731Z] [INFO] Starting server (attempt 1/10)
[2025-10-28T17:58:26.752Z] [INFO] Server started with PID: 22792
[2025-10-28T17:58:56.989Z] [INFO] Server recently restarted, monitoring closely
[2025-10-28T18:04:57.691Z] [INFO] Received SIGINT (Ctrl+C), shutting down gracefully
[2025-10-28T18:04:57.693Z] [INFO] Stopping server...
[2025-10-28T18:04:57.718Z] [INFO] Server process closed with code null, signal SIGTERM
[2025-10-28T18:41:03.484Z] [INFO] Starting server (attempt 1/10)
[2025-10-28T18:41:03.500Z] [INFO] Server started with PID: 35780
[2025-10-28T18:41:24.370Z] [INFO] Received SIGINT (Ctrl+C), shutting down gracefully
[2025-10-28T18:41:24.374Z] [INFO] Stopping server...
[2025-10-28T18:41:24.389Z] [INFO] Server process closed with code null, signal SIGTERM
[2025-10-28T18:41:55.819Z] [INFO] Starting server (attempt 1/10)
[2025-10-28T18:41:55.834Z] [INFO] Server started with PID: 21904
[2025-10-28T18:42:26.123Z] [INFO] Server recently restarted, monitoring closely
[2025-10-28T18:43:06.646Z] [INFO] Received SIGINT (Ctrl+C), shutting down gracefully
[2025-10-28T18:43:06.653Z] [INFO] Stopping server...
[2025-10-28T18:43:06.686Z] [INFO] Server process closed with code null, signal SIGTERM
[2025-10-29T23:41:17.321Z] [INFO] Starting server (attempt 1/10)
[2025-10-29T23:41:17.332Z] [INFO] Server started with PID: 44836
[2025-10-29T23:41:32.836Z] [INFO] Received SIGINT (Ctrl+C), shutting down gracefully
[2025-10-29T23:41:32.838Z] [INFO] Stopping server...
[2025-10-29T23:41:32.846Z] [INFO] Server process closed with code 3221225786, signal null
[2025-10-29T23:41:42.841Z] [WARN] Force killing server process
